<?xml version="1.0" encoding="utf-8" ?>
<!DOCTYPE html PUBLIC "-//W3C//DTD XHTML 1.0 Strict//EN"
        "http://www.w3.org/TR/xhtml1/DTD/xhtml1-strict.dtd">
<html xmlns="http://www.w3.org/1999/xhtml" xml:lang="" lang="">
<head>
  <title>剑鱼论坛UI自动化测试报告 - Logintest</title>
  <meta http-equiv="Content-Type" content="text/html;charset=utf-8" />
  <meta name="description" content="TestNG unit test results." />
  <link href="reportng.css" rel="stylesheet" type="text/css" />
  <script type="text/javascript" src="reportng.js"></script>
</head>
<body>
<h1>Logintest</h1>
<p>
  Test duration: 141.146s
</p>



  <table class="resultsTable">
    <tr><th colspan="3" class="header failed">Failed Tests</th></tr>
      <tr>
        <td colspan="3" class="group">com.jianyu.testcases.TestLoginPage</td>
      </tr>

<tr>
  <td class="method">
      login_success
  </td>
  <td class="duration">
    10.679s
  </td>
  <td class="result">
        

        

    <a href="javascript:toggleElement('exception-0', 'block')" title="Click to expand/collapse"><b>org.openqa.selenium.NoSuchElementException: Unable to locate element: jianyu2018<br/>
For documentation on this error, please visit: https://www.seleniumhq.org/exceptions/no_such_element.html<br/>
Build info: version: &apos;3.141.59&apos;, revision: &apos;e82be7d358&apos;, time: &apos;2018-11-14T08:25:53&apos;<br/>
System info: host: &apos;DESKTOP-01NK0AV&apos;, ip: &apos;192.168.80.1&apos;, os.name: &apos;Windows 10&apos;, os.arch: &apos;amd64&apos;, os.version: &apos;10.0&apos;, java.version: &apos;1.8.0_171&apos;<br/>
Driver info: org.openqa.selenium.firefox.FirefoxDriver<br/>
Capabilities {acceptInsecureCerts: true, browserName: firefox, browserVersion: 78.4.1, javascriptEnabled: true, moz:accessibilityChecks: false, moz:buildID: 20201108181928, moz:geckodriverVersion: 0.24.0, moz:headless: false, moz:processID: 18964, moz:profile: C:\Users\dell\AppData\Local..., moz:shutdownTimeout: 60000, moz:useNonSpecCompliantPointerOrigin: false, moz:webdriverClick: true, pageLoadStrategy: normal, platform: WINDOWS, platformName: WINDOWS, platformVersion: 10.0, rotatable: false, setWindowRect: true, strictFileInteractability: false, timeouts: {implicit: 0, pageLoad: 300000, script: 30000}, unhandledPromptBehavior: dismiss and notify}<br/>
Session ID: f3bd2ec4-8dc6-4789-b0ce-405973cd9970<br/>
*** Element info: {Using=link text, value=jianyu2018}</b></a><br />
    <div class="stackTrace" id="exception-0">
        sun.reflect.NativeConstructorAccessorImpl.newInstance0(Native Method)<br />
        sun.reflect.NativeConstructorAccessorImpl.newInstance(Unknown Source)<br />
        sun.reflect.DelegatingConstructorAccessorImpl.newInstance(Unknown Source)<br />
        java.lang.reflect.Constructor.newInstance(Unknown Source)<br />
        org.openqa.selenium.remote.http.W3CHttpResponseCodec.createException(W3CHttpResponseCodec.java:187)<br />
        org.openqa.selenium.remote.http.W3CHttpResponseCodec.decode(W3CHttpResponseCodec.java:122)<br />
        org.openqa.selenium.remote.http.W3CHttpResponseCodec.decode(W3CHttpResponseCodec.java:49)<br />
        org.openqa.selenium.remote.HttpCommandExecutor.execute(HttpCommandExecutor.java:158)<br />
        org.openqa.selenium.remote.service.DriverCommandExecutor.execute(DriverCommandExecutor.java:83)<br />
        org.openqa.selenium.remote.RemoteWebDriver.execute(RemoteWebDriver.java:552)<br />
        org.openqa.selenium.remote.RemoteWebDriver.findElement(RemoteWebDriver.java:323)<br />
        org.openqa.selenium.remote.RemoteWebDriver.findElementByLinkText(RemoteWebDriver.java:380)<br />
        org.openqa.selenium.By$ByLinkText.findElement(By.java:220)<br />
        org.openqa.selenium.remote.RemoteWebDriver.findElement(RemoteWebDriver.java:315)<br />
        com.jianyu.testcases.TestLoginPage.login_success(TestLoginPage.java:40)<br />
        sun.reflect.NativeMethodAccessorImpl.invoke0(Native Method)<br />
        sun.reflect.NativeMethodAccessorImpl.invoke(Unknown Source)<br />
        sun.reflect.DelegatingMethodAccessorImpl.invoke(Unknown Source)<br />
        java.lang.reflect.Method.invoke(Unknown Source)<br />
        org.testng.internal.MethodInvocationHelper.invokeMethod(MethodInvocationHelper.java:132)<br />
        org.testng.internal.TestInvoker.invokeMethod(TestInvoker.java:599)<br />
        org.testng.internal.TestInvoker.invokeTestMethod(TestInvoker.java:174)<br />
        org.testng.internal.MethodRunner.runInSequence(MethodRunner.java:46)<br />
        org.testng.internal.TestInvoker$MethodInvocationAgent.invoke(TestInvoker.java:822)<br />
        org.testng.internal.TestInvoker.invokeTestMethods(TestInvoker.java:147)<br />
        org.testng.internal.TestMethodWorker.invokeTestMethods(TestMethodWorker.java:146)<br />
        org.testng.internal.TestMethodWorker.run(TestMethodWorker.java:128)<br />
        java.util.ArrayList.forEach(Unknown Source)<br />
        org.testng.TestRunner.privateRun(TestRunner.java:764)<br />
        org.testng.TestRunner.run(TestRunner.java:585)<br />
        org.testng.SuiteRunner.runTest(SuiteRunner.java:384)<br />
        org.testng.SuiteRunner.runSequentially(SuiteRunner.java:378)<br />
        org.testng.SuiteRunner.privateRun(SuiteRunner.java:337)<br />
        org.testng.SuiteRunner.run(SuiteRunner.java:286)<br />
        org.testng.SuiteRunnerWorker.runSuite(SuiteRunnerWorker.java:53)<br />
        org.testng.SuiteRunnerWorker.run(SuiteRunnerWorker.java:96)<br />
        org.testng.TestNG.runSuitesSequentially(TestNG.java:1218)<br />
        org.testng.TestNG.runSuitesLocally(TestNG.java:1140)<br />
        org.testng.TestNG.runSuites(TestNG.java:1069)<br />
        org.testng.TestNG.run(TestNG.java:1037)<br />
        org.testng.remote.AbstractRemoteTestNG.run(AbstractRemoteTestNG.java:115)<br />
        org.testng.remote.RemoteTestNG.initAndRun(RemoteTestNG.java:251)<br />
        org.testng.remote.RemoteTestNG.main(RemoteTestNG.java:77)<br />
    </div>
  </td>
</tr>
<tr>
  <td class="method">
      test1
  </td>
  <td class="duration">
    0.006s
  </td>
  <td class="result">
        

        

    <a href="javascript:toggleElement('exception-1', 'block')" title="Click to expand/collapse"><b>java.lang.AssertionError: expected [2] but found [1]</b></a><br />
    <div class="stackTrace" id="exception-1">
        org.testng.Assert.fail(Assert.java:99)<br />
        org.testng.Assert.failNotEquals(Assert.java:1037)<br />
        org.testng.Assert.assertEqualsImpl(Assert.java:140)<br />
        org.testng.Assert.assertEquals(Assert.java:122)<br />
        org.testng.Assert.assertEquals(Assert.java:907)<br />
        org.testng.Assert.assertEquals(Assert.java:917)<br />
        com.jianyu.testcases.TestLoginPage.test1(TestLoginPage.java:46)<br />
        sun.reflect.NativeMethodAccessorImpl.invoke0(Native Method)<br />
        sun.reflect.NativeMethodAccessorImpl.invoke(Unknown Source)<br />
        sun.reflect.DelegatingMethodAccessorImpl.invoke(Unknown Source)<br />
        java.lang.reflect.Method.invoke(Unknown Source)<br />
        org.testng.internal.MethodInvocationHelper.invokeMethod(MethodInvocationHelper.java:132)<br />
        org.testng.internal.TestInvoker.invokeMethod(TestInvoker.java:599)<br />
        org.testng.internal.TestInvoker.invokeTestMethod(TestInvoker.java:174)<br />
        org.testng.internal.MethodRunner.runInSequence(MethodRunner.java:46)<br />
        org.testng.internal.TestInvoker$MethodInvocationAgent.invoke(TestInvoker.java:822)<br />
        org.testng.internal.TestInvoker.invokeTestMethods(TestInvoker.java:147)<br />
        org.testng.internal.TestMethodWorker.invokeTestMethods(TestMethodWorker.java:146)<br />
        org.testng.internal.TestMethodWorker.run(TestMethodWorker.java:128)<br />
        java.util.ArrayList.forEach(Unknown Source)<br />
        org.testng.TestRunner.privateRun(TestRunner.java:764)<br />
        org.testng.TestRunner.run(TestRunner.java:585)<br />
        org.testng.SuiteRunner.runTest(SuiteRunner.java:384)<br />
        org.testng.SuiteRunner.runSequentially(SuiteRunner.java:378)<br />
        org.testng.SuiteRunner.privateRun(SuiteRunner.java:337)<br />
        org.testng.SuiteRunner.run(SuiteRunner.java:286)<br />
        org.testng.SuiteRunnerWorker.runSuite(SuiteRunnerWorker.java:53)<br />
        org.testng.SuiteRunnerWorker.run(SuiteRunnerWorker.java:96)<br />
        org.testng.TestNG.runSuitesSequentially(TestNG.java:1218)<br />
        org.testng.TestNG.runSuitesLocally(TestNG.java:1140)<br />
        org.testng.TestNG.runSuites(TestNG.java:1069)<br />
        org.testng.TestNG.run(TestNG.java:1037)<br />
        org.testng.remote.AbstractRemoteTestNG.run(AbstractRemoteTestNG.java:115)<br />
        org.testng.remote.RemoteTestNG.initAndRun(RemoteTestNG.java:251)<br />
        org.testng.remote.RemoteTestNG.main(RemoteTestNG.java:77)<br />
    </div>
  </td>
</tr>
<tr>
  <td class="method">
      test3
  </td>
  <td class="duration">
    0.001s
  </td>
  <td class="result">
        

        

    <a href="javascript:toggleElement('exception-2', 'block')" title="Click to expand/collapse"><b>java.lang.AssertionError: expected [3] but found [1]</b></a><br />
    <div class="stackTrace" id="exception-2">
        org.testng.Assert.fail(Assert.java:99)<br />
        org.testng.Assert.failNotEquals(Assert.java:1037)<br />
        org.testng.Assert.assertEqualsImpl(Assert.java:140)<br />
        org.testng.Assert.assertEquals(Assert.java:122)<br />
        org.testng.Assert.assertEquals(Assert.java:907)<br />
        org.testng.Assert.assertEquals(Assert.java:917)<br />
        com.jianyu.testcases.TestLoginPage.test3(TestLoginPage.java:54)<br />
        sun.reflect.NativeMethodAccessorImpl.invoke0(Native Method)<br />
        sun.reflect.NativeMethodAccessorImpl.invoke(Unknown Source)<br />
        sun.reflect.DelegatingMethodAccessorImpl.invoke(Unknown Source)<br />
        java.lang.reflect.Method.invoke(Unknown Source)<br />
        org.testng.internal.MethodInvocationHelper.invokeMethod(MethodInvocationHelper.java:132)<br />
        org.testng.internal.TestInvoker.invokeMethod(TestInvoker.java:599)<br />
        org.testng.internal.TestInvoker.invokeTestMethod(TestInvoker.java:174)<br />
        org.testng.internal.MethodRunner.runInSequence(MethodRunner.java:46)<br />
        org.testng.internal.TestInvoker$MethodInvocationAgent.invoke(TestInvoker.java:822)<br />
        org.testng.internal.TestInvoker.invokeTestMethods(TestInvoker.java:147)<br />
        org.testng.internal.TestMethodWorker.invokeTestMethods(TestMethodWorker.java:146)<br />
        org.testng.internal.TestMethodWorker.run(TestMethodWorker.java:128)<br />
        java.util.ArrayList.forEach(Unknown Source)<br />
        org.testng.TestRunner.privateRun(TestRunner.java:764)<br />
        org.testng.TestRunner.run(TestRunner.java:585)<br />
        org.testng.SuiteRunner.runTest(SuiteRunner.java:384)<br />
        org.testng.SuiteRunner.runSequentially(SuiteRunner.java:378)<br />
        org.testng.SuiteRunner.privateRun(SuiteRunner.java:337)<br />
        org.testng.SuiteRunner.run(SuiteRunner.java:286)<br />
        org.testng.SuiteRunnerWorker.runSuite(SuiteRunnerWorker.java:53)<br />
        org.testng.SuiteRunnerWorker.run(SuiteRunnerWorker.java:96)<br />
        org.testng.TestNG.runSuitesSequentially(TestNG.java:1218)<br />
        org.testng.TestNG.runSuitesLocally(TestNG.java:1140)<br />
        org.testng.TestNG.runSuites(TestNG.java:1069)<br />
        org.testng.TestNG.run(TestNG.java:1037)<br />
        org.testng.remote.AbstractRemoteTestNG.run(AbstractRemoteTestNG.java:115)<br />
        org.testng.remote.RemoteTestNG.initAndRun(RemoteTestNG.java:251)<br />
        org.testng.remote.RemoteTestNG.main(RemoteTestNG.java:77)<br />
    </div>
  </td>
</tr>
  </table>


  <table class="resultsTable">
    <tr><th colspan="3" class="header passed">Passed Tests</th></tr>
      <tr>
        <td colspan="3" class="group">com.jianyu.testcases.TestLoginPage</td>
      </tr>

<tr>
  <td class="method">
      login_fail
  </td>
  <td class="duration">
    18.164s
  </td>
  <td class="result">
        

        

  </td>
</tr>
<tr>
  <td class="method">
      test2
  </td>
  <td class="duration">
    0.001s
  </td>
  <td class="result">
        

        

  </td>
</tr>
  </table>
  
</body>
</html>
